Flow report for lab8
Wed Dec 07 08:24:50 2016
Quartus II 64-Bit Version 15.0.0 Build 145 04/22/2015 SJ Full Version


---------------------
; Table of Contents ;
---------------------
  1. Legal Notice
  2. Flow Summary
  3. Flow Settings
  4. Flow Non-Default Global Settings
  5. Flow Elapsed Time
  6. Flow OS Summary
  7. Flow Log
  8. Flow Messages
  9. Flow Suppressed Messages



----------------
; Legal Notice ;
----------------
Copyright (C) 1991-2015 Altera Corporation. All rights reserved.
Your use of Altera Corporation's design tools, logic functions 
and other software and tools, and its AMPP partner logic 
functions, and any output files from any of the foregoing 
(including device programming or simulation files), and any 
associated documentation or information are expressly subject 
to the terms and conditions of the Altera Program License 
Subscription Agreement, the Altera Quartus II License Agreement,
the Altera MegaCore Function License Agreement, or other 
applicable license agreement, including, without limitation, 
that your use is for the sole purpose of programming logic 
devices manufactured by Altera and sold by Altera or its 
authorized distributors.  Please refer to the applicable 
agreement for further details.



+----------------------------------------------------------------------------------+
; Flow Summary                                                                     ;
+------------------------------------+---------------------------------------------+
; Flow Status                        ; Successful - Wed Dec 07 08:24:43 2016       ;
; Quartus II 64-Bit Version          ; 15.0.0 Build 145 04/22/2015 SJ Full Version ;
; Revision Name                      ; lab8                                        ;
; Top-level Entity Name              ; lab8                                        ;
; Family                             ; Cyclone IV E                                ;
; Device                             ; EP4CE115F29C7                               ;
; Timing Models                      ; Final                                       ;
; Total logic elements               ; 6,041 / 114,480 ( 5 % )                     ;
;     Total combinational functions  ; 5,361 / 114,480 ( 5 % )                     ;
;     Dedicated logic registers      ; 2,231 / 114,480 ( 2 % )                     ;
; Total registers                    ; 2350                                        ;
; Total pins                         ; 128 / 529 ( 24 % )                          ;
; Total virtual pins                 ; 0                                           ;
; Total memory bits                  ; 11,392 / 3,981,312 ( < 1 % )                ;
; Embedded Multiplier 9-bit elements ; 0 / 532 ( 0 % )                             ;
; Total PLLs                         ; 1 / 4 ( 25 % )                              ;
+------------------------------------+---------------------------------------------+


+-----------------------------------------+
; Flow Settings                           ;
+-------------------+---------------------+
; Option            ; Setting             ;
+-------------------+---------------------+
; Start date & time ; 12/07/2016 08:23:12 ;
; Main task         ; Compilation         ;
; Revision Name     ; lab8                ;
+-------------------+---------------------+


+----------------------------------------------------------------------------------------------------------------------------------------------------+
; Flow Non-Default Global Settings                                                                                                                   ;
+-------------------------------------+---------------------------------------------------------------+---------------+-----------------+------------+
; Assignment Name                     ; Value                                                         ; Default Value ; Entity Name     ; Section Id ;
+-------------------------------------+---------------------------------------------------------------+---------------+-----------------+------------+
; COMPILER_SIGNATURE_ID               ; 71094330539522.148112059110176                                ; --            ; --              ; --         ;
; MAX_CORE_JUNCTION_TEMP              ; 85                                                            ; --            ; --              ; --         ;
; MIN_CORE_JUNCTION_TEMP              ; 0                                                             ; --            ; --              ; --         ;
; MISC_FILE                           ; nios_system/synthesis/../nios_system.cmp                      ; --            ; --              ; --         ;
; MISC_FILE                           ; nios_system/synthesis/../../nios_system.qsys                  ; --            ; --              ; --         ;
; PARTITION_COLOR                     ; 16764057                                                      ; --            ; DE2_115_Default ; Top        ;
; PARTITION_COLOR                     ; 16764057                                                      ; --            ; --              ; Top        ;
; PARTITION_FITTER_PRESERVATION_LEVEL ; PLACEMENT_AND_ROUTING                                         ; --            ; DE2_115_Default ; Top        ;
; PARTITION_FITTER_PRESERVATION_LEVEL ; PLACEMENT_AND_ROUTING                                         ; --            ; --              ; Top        ;
; PARTITION_NETLIST_TYPE              ; SOURCE                                                        ; --            ; DE2_115_Default ; Top        ;
; PARTITION_NETLIST_TYPE              ; SOURCE                                                        ; --            ; --              ; Top        ;
; POWER_BOARD_THERMAL_MODEL           ; None (CONSERVATIVE)                                           ; --            ; --              ; --         ;
; POWER_PRESET_COOLING_SOLUTION       ; 23 MM HEAT SINK WITH 200 LFPM AIRFLOW                         ; --            ; --              ; --         ;
; SLD_FILE                            ; nios_system/synthesis/nios_system.regmap                      ; --            ; --              ; --         ;
; SLD_FILE                            ; nios_system/synthesis/nios_system.debuginfo                   ; --            ; --              ; --         ;
; SLD_INFO                            ; QSYS_NAME nios_system HAS_SOPCINFO 1 GENERATION_ID 1479154089 ; --            ; nios_system     ; --         ;
; SOPCINFO_FILE                       ; nios_system/synthesis/../../nios_system.sopcinfo              ; --            ; --              ; --         ;
; SYNTHESIS_ONLY_QIP                  ; On                                                            ; --            ; --              ; --         ;
+-------------------------------------+---------------------------------------------------------------+---------------+-----------------+------------+


+-------------------------------------------------------------------------------------------------------------------------------+
; Flow Elapsed Time                                                                                                             ;
+---------------------------+--------------+-------------------------+---------------------+------------------------------------+
; Module Name               ; Elapsed Time ; Average Processors Used ; Peak Virtual Memory ; Total CPU Time (on all processors) ;
+---------------------------+--------------+-------------------------+---------------------+------------------------------------+
; Analysis & Synthesis      ; 00:00:52     ; 1.0                     ; 917 MB              ; 00:01:17                           ;
; Fitter                    ; 00:00:27     ; 1.6                     ; 1713 MB             ; 00:00:35                           ;
; Assembler                 ; 00:00:05     ; 1.0                     ; 637 MB              ; 00:00:04                           ;
; TimeQuest Timing Analyzer ; 00:00:05     ; 1.0                     ; 870 MB              ; 00:00:05                           ;
; Total                     ; 00:01:29     ; --                      ; --                  ; 00:02:01                           ;
+---------------------------+--------------+-------------------------+---------------------+------------------------------------+


+----------------------------------------------------------------------------------------+
; Flow OS Summary                                                                        ;
+---------------------------+------------------+-----------+------------+----------------+
; Module Name               ; Machine Hostname ; OS Name   ; OS Version ; Processor type ;
+---------------------------+------------------+-----------+------------+----------------+
; Analysis & Synthesis      ; ECEB-3022-16     ; Windows 7 ; 6.1        ; x86_64         ;
; Fitter                    ; ECEB-3022-16     ; Windows 7 ; 6.1        ; x86_64         ;
; Assembler                 ; ECEB-3022-16     ; Windows 7 ; 6.1        ; x86_64         ;
; TimeQuest Timing Analyzer ; ECEB-3022-16     ; Windows 7 ; 6.1        ; x86_64         ;
+---------------------------+------------------+-----------+------------+----------------+


------------
; Flow Log ;
------------
quartus_map --read_settings_files=on --write_settings_files=off lab8 -c lab8
quartus_fit --read_settings_files=off --write_settings_files=off lab8 -c lab8
quartus_asm --read_settings_files=off --write_settings_files=off lab8 -c lab8
quartus_sta lab8 -c lab8



